email: olehmuk@gmail.com; password: Goalvik34Message: chrome not reachable
  (Session info: chrome=100.0.4896.75)
Stacktrace:
#0 0x558fefc3cad3 <unknown>
#1 0x558fef99c3ff <unknown>
#2 0x558fef98ab94 <unknown>
#3 0x558fef98b5a9 <unknown>
#4 0x558fef98d302 <unknown>
#5 0x558fef9856f6 <unknown>
#6 0x558fef99d972 <unknown>
#7 0x558fefa02ea1 <unknown>
#8 0x558fef9f04e3 <unknown>
#9 0x558fef9c5d1a <unknown>
#10 0x558fef9c6e75 <unknown>
#11 0x558fefc6aefd <unknown>
#12 0x558fefc8419b <unknown>
#13 0x558fefc6cc65 <unknown>
#14 0x558fefc84ec8 <unknown>
#15 0x558fefc60360 <unknown>
#16 0x558fefca0a68 <unknown>
#17 0x558fefca0be8 <unknown>
#18 0x558fefcba7fd <unknown>
#19 0x7fef5b0b9609 <unknown>
email: olehmuk@gmail.com; password: Goalvik34Message: no such element: Unable to locate element: {"method":"xpath","selector":"//*[@id="app-mount"]/div[2]/div/div[2]/div/div[1]/div/div[@class='content-1SgpWY']/div[1]/section/div[2]/div[3]/button[3]"}
  (Session info: chrome=100.0.4896.75)
Stacktrace:
#0 0x55719fe15ad3 <unknown>
#1 0x55719fb75568 <unknown>
#2 0x55719fbabc46 <unknown>
#3 0x55719fbabe01 <unknown>
#4 0x55719fbdea64 <unknown>
#5 0x55719fbc961d <unknown>
#6 0x55719fbdc824 <unknown>
#7 0x55719fbc94e3 <unknown>
#8 0x55719fb9ed1a <unknown>
#9 0x55719fb9fe75 <unknown>
#10 0x55719fe43efd <unknown>
#11 0x55719fe5d19b <unknown>
#12 0x55719fe45c65 <unknown>
#13 0x55719fe5dec8 <unknown>
#14 0x55719fe39360 <unknown>
#15 0x55719fe79a68 <unknown>
#16 0x55719fe79be8 <unknown>
#17 0x55719fe937fd <unknown>
#18 0x7f0195be5609 <unknown>
